This file contains any messages produced by compilers while
running configure, to aid debugging if configure makes a mistake.

It was created by libfproj4 configure 1.0, which was
generated by GNU Autoconf 2.59.  Invocation command line was

  $ ./configure --with-proj4=/Users/rbc-laptop/Documents/GitHub/MOHID-Lagrangian/ExternalLibs/Proj4/libfproj4/proj-4.7.0/build --prefix=/Users/rbc-laptop/Documents/GitHub/MOHID-Lagrangian/ExternalLibs/Proj4/libfproj4/libfproj4-1.0/build FC=gfortran

## --------- ##
## Platform. ##
## --------- ##

hostname = Ricardos-MacBook-Pro.local
uname -m = x86_64
uname -r = 18.2.0
uname -s = Darwin
uname -v = Darwin Kernel Version 18.2.0: Mon Nov 12 20:24:46 PST 2018; root:xnu-4903.231.4~2/RELEASE_X86_64

/usr/bin/uname -p = i386
/bin/uname -X     = unknown

/bin/arch              = unknown
/usr/bin/arch -k       = unknown
/usr/convex/getsysinfo = unknown
hostinfo               = Mach kernel version:
	 Darwin Kernel Version 18.2.0: Mon Nov 12 20:24:46 PST 2018; root:xnu-4903.231.4~2/RELEASE_X86_64
Kernel configured for up to 4 processors.
2 processors are physically available.
4 processors are logically available.
Processor type: x86_64h (Intel x86-64h Haswell)
Processors active: 0 1 2 3
Primary memory available: 8.00 gigabytes
Default processor set: 346 tasks, 1639 threads, 4 processors
Load average: 1.60, Mach factor: 2.39
/bin/machine           = unknown
/usr/bin/oslevel       = unknown
/bin/universe          = unknown

PATH: /anaconda3/bin
PATH: /Library/Frameworks/Python.framework/Versions/2.7/bin
PATH: /Library/Frameworks/Python.framework/Versions/3.6/bin
PATH: /usr/local/opt/python/libexec/bin
PATH: /Users/rbc-laptop/bin
PATH: /usr/local/bin
PATH: /usr/bin
PATH: /bin
PATH: /usr/sbin
PATH: /sbin
PATH: /Library/Frameworks/Mono.framework/Versions/Current/Commands


## ----------- ##
## Core tests. ##
## ----------- ##

configure:1324: checking for a BSD-compatible install
configure:1379: result: /usr/bin/install -c
configure:1390: checking whether build environment is sane
configure:1433: result: yes
configure:1498: checking for gawk
configure:1527: result: no
configure:1498: checking for mawk
configure:1527: result: no
configure:1498: checking for nawk
configure:1527: result: no
configure:1498: checking for awk
configure:1514: found /usr/bin/awk
configure:1524: result: awk
configure:1534: checking whether make sets $(MAKE)
configure:1554: result: yes
configure:1768: checking for gcc
configure:1784: found /usr/bin/gcc
configure:1794: result: gcc
configure:2038: checking for C compiler version
configure:2041: gcc --version </dev/null >&5
Configured with: --prefix=/Library/Developer/CommandLineTools/usr --with-gxx-include-dir=/Library/Developer/CommandLineTools/SDKs/MacOSX10.14.sdk/usr/include/c++/4.2.1
Apple LLVM version 10.0.0 (clang-1000.10.44.4)
Target: x86_64-apple-darwin18.2.0
Thread model: posix
InstalledDir: /Library/Developer/CommandLineTools/usr/bin
configure:2044: $? = 0
configure:2046: gcc -v </dev/null >&5
Configured with: --prefix=/Library/Developer/CommandLineTools/usr --with-gxx-include-dir=/Library/Developer/CommandLineTools/SDKs/MacOSX10.14.sdk/usr/include/c++/4.2.1
Apple LLVM version 10.0.0 (clang-1000.10.44.4)
Target: x86_64-apple-darwin18.2.0
Thread model: posix
InstalledDir: /Library/Developer/CommandLineTools/usr/bin
configure:2049: $? = 0
configure:2051: gcc -V </dev/null >&5
clang: error: argument to '-V' is missing (expected 1 value)
clang: error: no input files
configure:2054: $? = 1
configure:2077: checking for C compiler default output file name
configure:2080: gcc    conftest.c  >&5
configure:2083: $? = 0
configure:2129: result: a.out
configure:2134: checking whether the C compiler works
configure:2140: ./a.out
configure:2143: $? = 0
configure:2160: result: yes
configure:2167: checking whether we are cross compiling
configure:2169: result: no
configure:2172: checking for suffix of executables
configure:2174: gcc -o conftest    conftest.c  >&5
configure:2177: $? = 0
configure:2202: result: 
configure:2208: checking for suffix of object files
configure:2229: gcc -c   conftest.c >&5
configure:2232: $? = 0
configure:2254: result: o
configure:2258: checking whether we are using the GNU C compiler
configure:2282: gcc -c   conftest.c >&5
configure:2288: $? = 0
configure:2291: test -z 			 || test ! -s conftest.err
configure:2294: $? = 0
configure:2297: test -s conftest.o
configure:2300: $? = 0
configure:2313: result: yes
configure:2319: checking whether gcc accepts -g
configure:2340: gcc -c -g  conftest.c >&5
configure:2346: $? = 0
configure:2349: test -z 			 || test ! -s conftest.err
configure:2352: $? = 0
configure:2355: test -s conftest.o
configure:2358: $? = 0
configure:2369: result: yes
configure:2386: checking for gcc option to accept ANSI C
configure:2456: gcc  -c -g -O2  conftest.c >&5
configure:2462: $? = 0
configure:2465: test -z 			 || test ! -s conftest.err
configure:2468: $? = 0
configure:2471: test -s conftest.o
configure:2474: $? = 0
configure:2492: result: none needed
configure:2510: gcc -c -g -O2  conftest.c >&5
conftest.c:2:3: error: unknown type name 'choke'
  choke me
  ^
conftest.c:2:11: error: expected ';' after top level declarator
  choke me
          ^
          ;
2 errors generated.
configure:2516: $? = 1
configure: failed program was:
| #ifndef __cplusplus
|   choke me
| #endif
configure:2657: checking for style of include used by make
configure:2685: result: GNU
configure:2713: checking dependency style of gcc
configure:2803: result: gcc3
configure:2861: checking for ranlib
configure:2877: found /usr/bin/ranlib
configure:2888: result: ranlib
configure:2992: checking for Fortran compiler version
configure:2995: gfortran --version </dev/null >&5
GNU Fortran (Homebrew GCC 8.2.0) 8.2.0
Copyright (C) 2018 Free Software Foundation, Inc.
This is free software; see the source for copying conditions.  There is NO
warranty; not even for MERCHANTABILITY or FITNESS FOR A PARTICULAR PURPOSE.

configure:2998: $? = 0
configure:3000: gfortran -v </dev/null >&5
Using built-in specs.
COLLECT_GCC=gfortran
COLLECT_LTO_WRAPPER=/usr/local/Cellar/gcc/8.2.0/libexec/gcc/x86_64-apple-darwin17.7.0/8.2.0/lto-wrapper
Target: x86_64-apple-darwin17.7.0
Configured with: ../configure --build=x86_64-apple-darwin17.7.0 --prefix=/usr/local/Cellar/gcc/8.2.0 --libdir=/usr/local/Cellar/gcc/8.2.0/lib/gcc/8 --enable-languages=c,c++,objc,obj-c++,fortran --program-suffix=-8 --with-gmp=/usr/local/opt/gmp --with-mpfr=/usr/local/opt/mpfr --with-mpc=/usr/local/opt/libmpc --with-isl=/usr/local/opt/isl --with-system-zlib --enable-checking=release --with-pkgversion='Homebrew GCC 8.2.0' --with-bugurl=https://github.com/Homebrew/homebrew-core/issues --disable-nls
Thread model: posix
gcc version 8.2.0 (Homebrew GCC 8.2.0) 
configure:3003: $? = 0
configure:3005: gfortran -V </dev/null >&5
gfortran: error: unrecognized command line option '-V'
gfortran: fatal error: no input files
compilation terminated.
configure:3008: $? = 1
configure:3016: checking whether we are using the GNU Fortran compiler
configure:3030: gfortran -c   conftest.F >&5
configure:3036: $? = 0
configure:3039: test -z 			 || test ! -s conftest.err
configure:3042: $? = 0
configure:3045: test -s conftest.o
configure:3048: $? = 0
configure:3061: result: yes
configure:3067: checking whether gfortran accepts -g
configure:3079: gfortran -c -g  conftest.f >&5
configure:3085: $? = 0
configure:3088: test -z 			 || test ! -s conftest.err
configure:3091: $? = 0
configure:3094: test -s conftest.o
configure:3097: $? = 0
configure:3109: result: yes
configure:3139: checking for Fortran flag to compile .f90 files
configure:3156: gfortran -c -g -O2  conftest.f90 >&5
configure:3162: $? = 0
configure:3165: test -z 			 || test ! -s conftest.err
configure:3168: $? = 0
configure:3171: test -s conftest.o
configure:3174: $? = 0
configure:3188: result: none
configure:3213: gfortran -c -g -O2  conftest.f90 >&5
configure:3219: $? = 0
configure:3222: test -z 			 || test ! -s conftest.err
configure:3225: $? = 0
configure:3228: test -s conftest.o
configure:3231: $? = 0
configure:3253: checking for exp in -lm
configure:3283: gcc -o conftest -g -O2   conftest.c -lm   >&5
conftest.c:18:6: warning: incompatible redeclaration of library function 'exp' [-Wincompatible-library-redeclaration]
char exp ();
     ^
conftest.c:18:6: note: 'exp' is a builtin with type 'double (double)'
1 warning generated.
configure:3289: $? = 0
configure:3292: test -z 			 || test ! -s conftest.err
configure:3295: $? = 0
configure:3298: test -s conftest
configure:3301: $? = 0
configure:3314: result: yes
configure:3332: result: proj4 location: /Users/rbc-laptop/Documents/GitHub/MOHID-Lagrangian/ExternalLibs/Proj4/libfproj4/proj-4.7.0/build
configure:3339: checking for pj_init in -lproj
configure:3369: gcc -o conftest -g -O2  -I/Users/rbc-laptop/Documents/GitHub/MOHID-Lagrangian/ExternalLibs/Proj4/libfproj4/proj-4.7.0/build/include  -L/Users/rbc-laptop/Documents/GitHub/MOHID-Lagrangian/ExternalLibs/Proj4/libfproj4/proj-4.7.0/build/lib conftest.c -lproj  -lm  >&5
configure:3375: $? = 0
configure:3378: test -z 			 || test ! -s conftest.err
configure:3381: $? = 0
configure:3384: test -s conftest
configure:3387: $? = 0
configure:3400: result: yes
configure:3560: creating ./config.status

## ---------------------- ##
## Running config.status. ##
## ---------------------- ##

This file was extended by libfproj4 config.status 1.0, which was
generated by GNU Autoconf 2.59.  Invocation command line was

  CONFIG_FILES    = 
  CONFIG_HEADERS  = 
  CONFIG_LINKS    = 
  CONFIG_COMMANDS = 
  $ ./config.status 

on Ricardos-MacBook-Pro.local

config.status:724: creating Makefile
config.status:869: executing depfiles commands

## ---------------- ##
## Cache variables. ##
## ---------------- ##

ac_cv_c_compiler_gnu=yes
ac_cv_env_CC_set=
ac_cv_env_CC_value=
ac_cv_env_CFLAGS_set=
ac_cv_env_CFLAGS_value=
ac_cv_env_CPPFLAGS_set=
ac_cv_env_CPPFLAGS_value=
ac_cv_env_FCFLAGS_set=
ac_cv_env_FCFLAGS_value=
ac_cv_env_FC_set=set
ac_cv_env_FC_value=gfortran
ac_cv_env_LDFLAGS_set=
ac_cv_env_LDFLAGS_value=
ac_cv_env_build_alias_set=
ac_cv_env_build_alias_value=
ac_cv_env_host_alias_set=
ac_cv_env_host_alias_value=
ac_cv_env_target_alias_set=
ac_cv_env_target_alias_value=
ac_cv_exeext=
ac_cv_fc_compiler_gnu=yes
ac_cv_fc_srcext_f90=none
ac_cv_lib_m_exp=yes
ac_cv_lib_proj_pj_init=yes
ac_cv_objext=o
ac_cv_path_install='/usr/bin/install -c'
ac_cv_prog_AWK=awk
ac_cv_prog_ac_ct_CC=gcc
ac_cv_prog_ac_ct_RANLIB=ranlib
ac_cv_prog_cc_g=yes
ac_cv_prog_cc_stdc=
ac_cv_prog_fc_g=yes
ac_cv_prog_make_make_set=yes
am_cv_CC_dependencies_compiler_type=gcc3

## ----------------- ##
## Output variables. ##
## ----------------- ##

ACLOCAL='${SHELL} /Users/rbc-laptop/Documents/GitHub/MOHID-Lagrangian/ExternalLibs/Proj4/libfproj4/libfproj4-1.0/missing --run aclocal-1.9'
AMDEPBACKSLASH='\'
AMDEP_FALSE='#'
AMDEP_TRUE=''
AMTAR='${SHELL} /Users/rbc-laptop/Documents/GitHub/MOHID-Lagrangian/ExternalLibs/Proj4/libfproj4/libfproj4-1.0/missing --run tar'
AUTOCONF='${SHELL} /Users/rbc-laptop/Documents/GitHub/MOHID-Lagrangian/ExternalLibs/Proj4/libfproj4/libfproj4-1.0/missing --run autoconf'
AUTOHEADER='${SHELL} /Users/rbc-laptop/Documents/GitHub/MOHID-Lagrangian/ExternalLibs/Proj4/libfproj4/libfproj4-1.0/missing --run autoheader'
AUTOMAKE='${SHELL} /Users/rbc-laptop/Documents/GitHub/MOHID-Lagrangian/ExternalLibs/Proj4/libfproj4/libfproj4-1.0/missing --run automake-1.9'
AWK='awk'
CC='gcc'
CCDEPMODE='depmode=gcc3'
CFLAGS='-g -O2'
CPPFLAGS=' -I/Users/rbc-laptop/Documents/GitHub/MOHID-Lagrangian/ExternalLibs/Proj4/libfproj4/proj-4.7.0/build/include'
CYGPATH_W='echo'
DEFS='-DPACKAGE_NAME=\"libfproj4\" -DPACKAGE_TARNAME=\"libfproj4\" -DPACKAGE_VERSION=\"1.0\" -DPACKAGE_STRING=\"libfproj4\ 1.0\" -DPACKAGE_BUGREPORT=\"Magnus.Hagdorn@ed.ac.uk\" -DPACKAGE=\"libfproj4\" -DVERSION=\"1.0\" -DHAVE_LIBM=1 -DHAVE_LIBPROJ=1 '
DEPDIR='.deps'
ECHO_C='ECHO_N=''
ECHO_T=''
EXEEXT=''
FC='gfortran'
FCFLAGS='-g -O2'
FCFLAGS_f90=''
INSTALL_DATA='${INSTALL} -m 644'
INSTALL_PROGRAM='${INSTALL}'
INSTALL_SCRIPT='${INSTALL}'
INSTALL_STRIP_PROGRAM='${SHELL} $(install_sh) -c -s'
LDFLAGS=' -L/Users/rbc-laptop/Documents/GitHub/MOHID-Lagrangian/ExternalLibs/Proj4/libfproj4/proj-4.7.0/build/lib'
LIBOBJS=''
LIBS='-lproj -lm '
LTLIBOBJS=''
MAKEINFO='${SHELL} /Users/rbc-laptop/Documents/GitHub/MOHID-Lagrangian/ExternalLibs/Proj4/libfproj4/libfproj4-1.0/missing --run makeinfo'
OBJEXT='o'
PACKAGE='libfproj4'
PACKAGE_BUGREPORT='Magnus.Hagdorn@ed.ac.uk'
PACKAGE_NAME='libfproj4'
PACKAGE_STRING='libfproj4 1.0'
PACKAGE_TARNAME='libfproj4'
PACKAGE_VERSION='1.0'
PATH_SEPARATOR=':'
RANLIB='ranlib'
SET_MAKE=''
SHELL='/bin/sh'
STRIP=''
VERSION='1.0'
ac_ct_CC='gcc'
ac_ct_FC=''
ac_ct_RANLIB='ranlib'
ac_ct_STRIP=''
am__fastdepCC_FALSE='#'
am__fastdepCC_TRUE=''
am__include='include'
am__leading_dot='.'
am__quote=''
am__tar='${AMTAR} chof - "$$tardir"'
am__untar='${AMTAR} xf -'
bindir='${exec_prefix}/bin'
build_alias=''
datadir='${prefix}/share'
exec_prefix='${prefix}'
host_alias=''
includedir='${prefix}/include'
infodir='${prefix}/info'
install_sh='/Users/rbc-laptop/Documents/GitHub/MOHID-Lagrangian/ExternalLibs/Proj4/libfproj4/libfproj4-1.0/install-sh'
libdir='${exec_prefix}/lib'
libexecdir='${exec_prefix}/libexec'
localstatedir='${prefix}/var'
mandir='${prefix}/man'
mkdir_p='$(install_sh) -d'
oldincludedir='/usr/include'
prefix='/Users/rbc-laptop/Documents/GitHub/MOHID-Lagrangian/ExternalLibs/Proj4/libfproj4/libfproj4-1.0/build'
program_transform_name='s,x,x,'
sbindir='${exec_prefix}/sbin'
sharedstatedir='${prefix}/com'
sysconfdir='${prefix}/etc'
target_alias=''

## ----------- ##
## confdefs.h. ##
## ----------- ##

#define HAVE_LIBM 1
#define HAVE_LIBPROJ 1
#define PACKAGE "libfproj4"
#define PACKAGE_BUGREPORT "Magnus.Hagdorn@ed.ac.uk"
#define PACKAGE_NAME "libfproj4"
#define PACKAGE_STRING "libfproj4 1.0"
#define PACKAGE_TARNAME "libfproj4"
#define PACKAGE_VERSION "1.0"
#define VERSION "1.0"

configure: exit 0
