Determining if the include file malloc.h exists failed with the following output:
Change Dir: /Users/rbc-laptop/Documents/GitHub/MOHID-Lagrangian/Libs/netcdf-fortran/build/CMakeFiles/CMakeTmp

Run Build Command:"/usr/bin/make" "cmTC_40e0d/fast"
/Library/Developer/CommandLineTools/usr/bin/make -f CMakeFiles/cmTC_40e0d.dir/build.make CMakeFiles/cmTC_40e0d.dir/build
Building C object CMakeFiles/cmTC_40e0d.dir/CheckIncludeFile.c.o
/Library/Developer/CommandLineTools/usr/bin/cc   -g -Wall -Wno-unused-variable -Wno-unused-parameter -O2    -o CMakeFiles/cmTC_40e0d.dir/CheckIncludeFile.c.o   -c /Users/rbc-laptop/Documents/GitHub/MOHID-Lagrangian/Libs/netcdf-fortran/build/CMakeFiles/CMakeTmp/CheckIncludeFile.c
/Users/rbc-laptop/Documents/GitHub/MOHID-Lagrangian/Libs/netcdf-fortran/build/CMakeFiles/CMakeTmp/CheckIncludeFile.c:1:10: fatal error: 'malloc.h' file not found
#include <malloc.h>
         ^~~~~~~~~~
1 error generated.
make[1]: *** [CMakeFiles/cmTC_40e0d.dir/CheckIncludeFile.c.o] Error 1
make: *** [cmTC_40e0d/fast] Error 2


Determining if the include file sys/ndir.h exists failed with the following output:
Change Dir: /Users/rbc-laptop/Documents/GitHub/MOHID-Lagrangian/Libs/netcdf-fortran/build/CMakeFiles/CMakeTmp

Run Build Command:"/usr/bin/make" "cmTC_f46e3/fast"
/Library/Developer/CommandLineTools/usr/bin/make -f CMakeFiles/cmTC_f46e3.dir/build.make CMakeFiles/cmTC_f46e3.dir/build
Building C object CMakeFiles/cmTC_f46e3.dir/CheckIncludeFile.c.o
/Library/Developer/CommandLineTools/usr/bin/cc   -g -Wall -Wno-unused-variable -Wno-unused-parameter -O2    -o CMakeFiles/cmTC_f46e3.dir/CheckIncludeFile.c.o   -c /Users/rbc-laptop/Documents/GitHub/MOHID-Lagrangian/Libs/netcdf-fortran/build/CMakeFiles/CMakeTmp/CheckIncludeFile.c
/Users/rbc-laptop/Documents/GitHub/MOHID-Lagrangian/Libs/netcdf-fortran/build/CMakeFiles/CMakeTmp/CheckIncludeFile.c:1:10: fatal error: 'sys/ndir.h' file not found
#include <sys/ndir.h>
         ^~~~~~~~~~~~
1 error generated.
make[1]: *** [CMakeFiles/cmTC_f46e3.dir/CheckIncludeFile.c.o] Error 1
make: *** [cmTC_f46e3/fast] Error 2


Determining if the include file pstdint.h exists failed with the following output:
Change Dir: /Users/rbc-laptop/Documents/GitHub/MOHID-Lagrangian/Libs/netcdf-fortran/build/CMakeFiles/CMakeTmp

Run Build Command:"/usr/bin/make" "cmTC_49565/fast"
/Library/Developer/CommandLineTools/usr/bin/make -f CMakeFiles/cmTC_49565.dir/build.make CMakeFiles/cmTC_49565.dir/build
Building C object CMakeFiles/cmTC_49565.dir/CheckIncludeFile.c.o
/Library/Developer/CommandLineTools/usr/bin/cc   -g -Wall -Wno-unused-variable -Wno-unused-parameter -O2    -o CMakeFiles/cmTC_49565.dir/CheckIncludeFile.c.o   -c /Users/rbc-laptop/Documents/GitHub/MOHID-Lagrangian/Libs/netcdf-fortran/build/CMakeFiles/CMakeTmp/CheckIncludeFile.c
/Users/rbc-laptop/Documents/GitHub/MOHID-Lagrangian/Libs/netcdf-fortran/build/CMakeFiles/CMakeTmp/CheckIncludeFile.c:1:10: fatal error: 'pstdint.h' file not found
#include <pstdint.h>
         ^~~~~~~~~~~
1 error generated.
make[1]: *** [CMakeFiles/cmTC_49565.dir/CheckIncludeFile.c.o] Error 1
make: *** [cmTC_49565/fast] Error 2


Determining if the include file endian.h exists failed with the following output:
Change Dir: /Users/rbc-laptop/Documents/GitHub/MOHID-Lagrangian/Libs/netcdf-fortran/build/CMakeFiles/CMakeTmp

Run Build Command:"/usr/bin/make" "cmTC_0dbb0/fast"
/Library/Developer/CommandLineTools/usr/bin/make -f CMakeFiles/cmTC_0dbb0.dir/build.make CMakeFiles/cmTC_0dbb0.dir/build
Building C object CMakeFiles/cmTC_0dbb0.dir/CheckIncludeFile.c.o
/Library/Developer/CommandLineTools/usr/bin/cc   -g -Wall -Wno-unused-variable -Wno-unused-parameter -O2    -o CMakeFiles/cmTC_0dbb0.dir/CheckIncludeFile.c.o   -c /Users/rbc-laptop/Documents/GitHub/MOHID-Lagrangian/Libs/netcdf-fortran/build/CMakeFiles/CMakeTmp/CheckIncludeFile.c
/Users/rbc-laptop/Documents/GitHub/MOHID-Lagrangian/Libs/netcdf-fortran/build/CMakeFiles/CMakeTmp/CheckIncludeFile.c:1:10: fatal error: 'endian.h' file not found
#include <endian.h>
         ^~~~~~~~~~
1 error generated.
make[1]: *** [CMakeFiles/cmTC_0dbb0.dir/CheckIncludeFile.c.o] Error 1
make: *** [cmTC_0dbb0/fast] Error 2


Determining if the include file BaseTsd.h exists failed with the following output:
Change Dir: /Users/rbc-laptop/Documents/GitHub/MOHID-Lagrangian/Libs/netcdf-fortran/build/CMakeFiles/CMakeTmp

Run Build Command:"/usr/bin/make" "cmTC_3534d/fast"
/Library/Developer/CommandLineTools/usr/bin/make -f CMakeFiles/cmTC_3534d.dir/build.make CMakeFiles/cmTC_3534d.dir/build
Building C object CMakeFiles/cmTC_3534d.dir/CheckIncludeFile.c.o
/Library/Developer/CommandLineTools/usr/bin/cc   -g -Wall -Wno-unused-variable -Wno-unused-parameter -O2    -o CMakeFiles/cmTC_3534d.dir/CheckIncludeFile.c.o   -c /Users/rbc-laptop/Documents/GitHub/MOHID-Lagrangian/Libs/netcdf-fortran/build/CMakeFiles/CMakeTmp/CheckIncludeFile.c
/Users/rbc-laptop/Documents/GitHub/MOHID-Lagrangian/Libs/netcdf-fortran/build/CMakeFiles/CMakeTmp/CheckIncludeFile.c:1:10: fatal error: 'BaseTsd.h' file not found
#include <BaseTsd.h>
         ^~~~~~~~~~~
1 error generated.
make[1]: *** [CMakeFiles/cmTC_3534d.dir/CheckIncludeFile.c.o] Error 1
make: *** [cmTC_3534d/fast] Error 2


Determining size of off64_t failed with the following output:
Change Dir: /Users/rbc-laptop/Documents/GitHub/MOHID-Lagrangian/Libs/netcdf-fortran/build/CMakeFiles/CMakeTmp

Run Build Command:"/usr/bin/make" "cmTC_8898b/fast"
/Library/Developer/CommandLineTools/usr/bin/make -f CMakeFiles/cmTC_8898b.dir/build.make CMakeFiles/cmTC_8898b.dir/build
Building C object CMakeFiles/cmTC_8898b.dir/SIZEOF_OFF64_T.c.o
/Library/Developer/CommandLineTools/usr/bin/cc   -g -Wall -Wno-unused-variable -Wno-unused-parameter -O2    -o CMakeFiles/cmTC_8898b.dir/SIZEOF_OFF64_T.c.o   -c /Users/rbc-laptop/Documents/GitHub/MOHID-Lagrangian/Libs/netcdf-fortran/build/CMakeFiles/CheckTypeSize/SIZEOF_OFF64_T.c
/Users/rbc-laptop/Documents/GitHub/MOHID-Lagrangian/Libs/netcdf-fortran/build/CMakeFiles/CheckTypeSize/SIZEOF_OFF64_T.c:25:12: error: use of undeclared identifier 'off64_t'
  ('0' + ((SIZE / 10000)%10)),
           ^
/Users/rbc-laptop/Documents/GitHub/MOHID-Lagrangian/Libs/netcdf-fortran/build/CMakeFiles/CheckTypeSize/SIZEOF_OFF64_T.c:23:22: note: expanded from macro 'SIZE'
#define SIZE (sizeof(off64_t))
                     ^
/Users/rbc-laptop/Documents/GitHub/MOHID-Lagrangian/Libs/netcdf-fortran/build/CMakeFiles/CheckTypeSize/SIZEOF_OFF64_T.c:26:12: error: use of undeclared identifier 'off64_t'
  ('0' + ((SIZE / 1000)%10)),
           ^
/Users/rbc-laptop/Documents/GitHub/MOHID-Lagrangian/Libs/netcdf-fortran/build/CMakeFiles/CheckTypeSize/SIZEOF_OFF64_T.c:23:22: note: expanded from macro 'SIZE'
#define SIZE (sizeof(off64_t))
                     ^
/Users/rbc-laptop/Documents/GitHub/MOHID-Lagrangian/Libs/netcdf-fortran/build/CMakeFiles/CheckTypeSize/SIZEOF_OFF64_T.c:27:12: error: use of undeclared identifier 'off64_t'
  ('0' + ((SIZE / 100)%10)),
           ^
/Users/rbc-laptop/Documents/GitHub/MOHID-Lagrangian/Libs/netcdf-fortran/build/CMakeFiles/CheckTypeSize/SIZEOF_OFF64_T.c:23:22: note: expanded from macro 'SIZE'
#define SIZE (sizeof(off64_t))
                     ^
/Users/rbc-laptop/Documents/GitHub/MOHID-Lagrangian/Libs/netcdf-fortran/build/CMakeFiles/CheckTypeSize/SIZEOF_OFF64_T.c:28:12: error: use of undeclared identifier 'off64_t'
  ('0' + ((SIZE / 10)%10)),
           ^
/Users/rbc-laptop/Documents/GitHub/MOHID-Lagrangian/Libs/netcdf-fortran/build/CMakeFiles/CheckTypeSize/SIZEOF_OFF64_T.c:23:22: note: expanded from macro 'SIZE'
#define SIZE (sizeof(off64_t))
                     ^
/Users/rbc-laptop/Documents/GitHub/MOHID-Lagrangian/Libs/netcdf-fortran/build/CMakeFiles/CheckTypeSize/SIZEOF_OFF64_T.c:29:12: error: use of undeclared identifier 'off64_t'
  ('0' +  (SIZE    % 10)),
           ^
/Users/rbc-laptop/Documents/GitHub/MOHID-Lagrangian/Libs/netcdf-fortran/build/CMakeFiles/CheckTypeSize/SIZEOF_OFF64_T.c:23:22: note: expanded from macro 'SIZE'
#define SIZE (sizeof(off64_t))
                     ^
5 errors generated.
make[1]: *** [CMakeFiles/cmTC_8898b.dir/SIZEOF_OFF64_T.c.o] Error 1
make: *** [cmTC_8898b/fast] Error 2

/Users/rbc-laptop/Documents/GitHub/MOHID-Lagrangian/Libs/netcdf-fortran/build/CMakeFiles/CheckTypeSize/SIZEOF_OFF64_T.c:
#include <sys/types.h>
#include <stdint.h>
#include <stddef.h>


#undef KEY
#if defined(__i386)
# define KEY '_','_','i','3','8','6'
#elif defined(__x86_64)
# define KEY '_','_','x','8','6','_','6','4'
#elif defined(__ppc__)
# define KEY '_','_','p','p','c','_','_'
#elif defined(__ppc64__)
# define KEY '_','_','p','p','c','6','4','_','_'
#elif defined(__aarch64__)
# define KEY '_','_','a','a','r','c','h','6','4','_','_'
#elif defined(__ARM_ARCH_7A__)
# define KEY '_','_','A','R','M','_','A','R','C','H','_','7','A','_','_'
#elif defined(__ARM_ARCH_7S__)
# define KEY '_','_','A','R','M','_','A','R','C','H','_','7','S','_','_'
#endif

#define SIZE (sizeof(off64_t))
char info_size[] =  {'I', 'N', 'F', 'O', ':', 's','i','z','e','[',
  ('0' + ((SIZE / 10000)%10)),
  ('0' + ((SIZE / 1000)%10)),
  ('0' + ((SIZE / 100)%10)),
  ('0' + ((SIZE / 10)%10)),
  ('0' +  (SIZE    % 10)),
  ']',
#ifdef KEY
  ' ','k','e','y','[', KEY, ']',
#endif
  '\0'};

#ifdef __CLASSIC_C__
int main(argc, argv) int argc; char *argv[];
#else
int main(int argc, char *argv[])
#endif
{
  int require = 0;
  require += info_size[argc];
  (void)argv;
  return require;
}


Determining size of __int64 failed with the following output:
Change Dir: /Users/rbc-laptop/Documents/GitHub/MOHID-Lagrangian/Libs/netcdf-fortran/build/CMakeFiles/CMakeTmp

Run Build Command:"/usr/bin/make" "cmTC_873eb/fast"
/Library/Developer/CommandLineTools/usr/bin/make -f CMakeFiles/cmTC_873eb.dir/build.make CMakeFiles/cmTC_873eb.dir/build
Building C object CMakeFiles/cmTC_873eb.dir/SIZEOF___INT_64.c.o
/Library/Developer/CommandLineTools/usr/bin/cc   -g -Wall -Wno-unused-variable -Wno-unused-parameter -O2    -o CMakeFiles/cmTC_873eb.dir/SIZEOF___INT_64.c.o   -c /Users/rbc-laptop/Documents/GitHub/MOHID-Lagrangian/Libs/netcdf-fortran/build/CMakeFiles/CheckTypeSize/SIZEOF___INT_64.c
/Users/rbc-laptop/Documents/GitHub/MOHID-Lagrangian/Libs/netcdf-fortran/build/CMakeFiles/CheckTypeSize/SIZEOF___INT_64.c:25:12: error: use of undeclared identifier '__int64'
  ('0' + ((SIZE / 10000)%10)),
           ^
/Users/rbc-laptop/Documents/GitHub/MOHID-Lagrangian/Libs/netcdf-fortran/build/CMakeFiles/CheckTypeSize/SIZEOF___INT_64.c:23:22: note: expanded from macro 'SIZE'
#define SIZE (sizeof(__int64))
                     ^
/Users/rbc-laptop/Documents/GitHub/MOHID-Lagrangian/Libs/netcdf-fortran/build/CMakeFiles/CheckTypeSize/SIZEOF___INT_64.c:26:12: error: use of undeclared identifier '__int64'
  ('0' + ((SIZE / 1000)%10)),
           ^
/Users/rbc-laptop/Documents/GitHub/MOHID-Lagrangian/Libs/netcdf-fortran/build/CMakeFiles/CheckTypeSize/SIZEOF___INT_64.c:23:22: note: expanded from macro 'SIZE'
#define SIZE (sizeof(__int64))
                     ^
/Users/rbc-laptop/Documents/GitHub/MOHID-Lagrangian/Libs/netcdf-fortran/build/CMakeFiles/CheckTypeSize/SIZEOF___INT_64.c:27:12: error: use of undeclared identifier '__int64'
  ('0' + ((SIZE / 100)%10)),
           ^
/Users/rbc-laptop/Documents/GitHub/MOHID-Lagrangian/Libs/netcdf-fortran/build/CMakeFiles/CheckTypeSize/SIZEOF___INT_64.c:23:22: note: expanded from macro 'SIZE'
#define SIZE (sizeof(__int64))
                     ^
/Users/rbc-laptop/Documents/GitHub/MOHID-Lagrangian/Libs/netcdf-fortran/build/CMakeFiles/CheckTypeSize/SIZEOF___INT_64.c:28:12: error: use of undeclared identifier '__int64'
  ('0' + ((SIZE / 10)%10)),
           ^
/Users/rbc-laptop/Documents/GitHub/MOHID-Lagrangian/Libs/netcdf-fortran/build/CMakeFiles/CheckTypeSize/SIZEOF___INT_64.c:23:22: note: expanded from macro 'SIZE'
#define SIZE (sizeof(__int64))
                     ^
/Users/rbc-laptop/Documents/GitHub/MOHID-Lagrangian/Libs/netcdf-fortran/build/CMakeFiles/CheckTypeSize/SIZEOF___INT_64.c:29:12: error: use of undeclared identifier '__int64'
  ('0' +  (SIZE    % 10)),
           ^
/Users/rbc-laptop/Documents/GitHub/MOHID-Lagrangian/Libs/netcdf-fortran/build/CMakeFiles/CheckTypeSize/SIZEOF___INT_64.c:23:22: note: expanded from macro 'SIZE'
#define SIZE (sizeof(__int64))
                     ^
5 errors generated.
make[1]: *** [CMakeFiles/cmTC_873eb.dir/SIZEOF___INT_64.c.o] Error 1
make: *** [cmTC_873eb/fast] Error 2

/Users/rbc-laptop/Documents/GitHub/MOHID-Lagrangian/Libs/netcdf-fortran/build/CMakeFiles/CheckTypeSize/SIZEOF___INT_64.c:
#include <sys/types.h>
#include <stdint.h>
#include <stddef.h>


#undef KEY
#if defined(__i386)
# define KEY '_','_','i','3','8','6'
#elif defined(__x86_64)
# define KEY '_','_','x','8','6','_','6','4'
#elif defined(__ppc__)
# define KEY '_','_','p','p','c','_','_'
#elif defined(__ppc64__)
# define KEY '_','_','p','p','c','6','4','_','_'
#elif defined(__aarch64__)
# define KEY '_','_','a','a','r','c','h','6','4','_','_'
#elif defined(__ARM_ARCH_7A__)
# define KEY '_','_','A','R','M','_','A','R','C','H','_','7','A','_','_'
#elif defined(__ARM_ARCH_7S__)
# define KEY '_','_','A','R','M','_','A','R','C','H','_','7','S','_','_'
#endif

#define SIZE (sizeof(__int64))
char info_size[] =  {'I', 'N', 'F', 'O', ':', 's','i','z','e','[',
  ('0' + ((SIZE / 10000)%10)),
  ('0' + ((SIZE / 1000)%10)),
  ('0' + ((SIZE / 100)%10)),
  ('0' + ((SIZE / 10)%10)),
  ('0' +  (SIZE    % 10)),
  ']',
#ifdef KEY
  ' ','k','e','y','[', KEY, ']',
#endif
  '\0'};

#ifdef __CLASSIC_C__
int main(argc, argv) int argc; char *argv[];
#else
int main(int argc, char *argv[])
#endif
{
  int require = 0;
  require += info_size[argc];
  (void)argv;
  return require;
}


Determining size of uchar failed with the following output:
Change Dir: /Users/rbc-laptop/Documents/GitHub/MOHID-Lagrangian/Libs/netcdf-fortran/build/CMakeFiles/CMakeTmp

Run Build Command:"/usr/bin/make" "cmTC_fd615/fast"
/Library/Developer/CommandLineTools/usr/bin/make -f CMakeFiles/cmTC_fd615.dir/build.make CMakeFiles/cmTC_fd615.dir/build
Building C object CMakeFiles/cmTC_fd615.dir/SIZEOF_UCHAR.c.o
/Library/Developer/CommandLineTools/usr/bin/cc   -g -Wall -Wno-unused-variable -Wno-unused-parameter -O2    -o CMakeFiles/cmTC_fd615.dir/SIZEOF_UCHAR.c.o   -c /Users/rbc-laptop/Documents/GitHub/MOHID-Lagrangian/Libs/netcdf-fortran/build/CMakeFiles/CheckTypeSize/SIZEOF_UCHAR.c
/Users/rbc-laptop/Documents/GitHub/MOHID-Lagrangian/Libs/netcdf-fortran/build/CMakeFiles/CheckTypeSize/SIZEOF_UCHAR.c:25:12: error: use of undeclared identifier 'uchar'
  ('0' + ((SIZE / 10000)%10)),
           ^
/Users/rbc-laptop/Documents/GitHub/MOHID-Lagrangian/Libs/netcdf-fortran/build/CMakeFiles/CheckTypeSize/SIZEOF_UCHAR.c:23:22: note: expanded from macro 'SIZE'
#define SIZE (sizeof(uchar))
                     ^
/Users/rbc-laptop/Documents/GitHub/MOHID-Lagrangian/Libs/netcdf-fortran/build/CMakeFiles/CheckTypeSize/SIZEOF_UCHAR.c:26:12: error: use of undeclared identifier 'uchar'
  ('0' + ((SIZE / 1000)%10)),
           ^
/Users/rbc-laptop/Documents/GitHub/MOHID-Lagrangian/Libs/netcdf-fortran/build/CMakeFiles/CheckTypeSize/SIZEOF_UCHAR.c:23:22: note: expanded from macro 'SIZE'
#define SIZE (sizeof(uchar))
                     ^
/Users/rbc-laptop/Documents/GitHub/MOHID-Lagrangian/Libs/netcdf-fortran/build/CMakeFiles/CheckTypeSize/SIZEOF_UCHAR.c:27:12: error: use of undeclared identifier 'uchar'
  ('0' + ((SIZE / 100)%10)),
           ^
/Users/rbc-laptop/Documents/GitHub/MOHID-Lagrangian/Libs/netcdf-fortran/build/CMakeFiles/CheckTypeSize/SIZEOF_UCHAR.c:23:22: note: expanded from macro 'SIZE'
#define SIZE (sizeof(uchar))
                     ^
/Users/rbc-laptop/Documents/GitHub/MOHID-Lagrangian/Libs/netcdf-fortran/build/CMakeFiles/CheckTypeSize/SIZEOF_UCHAR.c:28:12: error: use of undeclared identifier 'uchar'
  ('0' + ((SIZE / 10)%10)),
           ^
/Users/rbc-laptop/Documents/GitHub/MOHID-Lagrangian/Libs/netcdf-fortran/build/CMakeFiles/CheckTypeSize/SIZEOF_UCHAR.c:23:22: note: expanded from macro 'SIZE'
#define SIZE (sizeof(uchar))
                     ^
/Users/rbc-laptop/Documents/GitHub/MOHID-Lagrangian/Libs/netcdf-fortran/build/CMakeFiles/CheckTypeSize/SIZEOF_UCHAR.c:29:12: error: use of undeclared identifier 'uchar'
  ('0' +  (SIZE    % 10)),
           ^
/Users/rbc-laptop/Documents/GitHub/MOHID-Lagrangian/Libs/netcdf-fortran/build/CMakeFiles/CheckTypeSize/SIZEOF_UCHAR.c:23:22: note: expanded from macro 'SIZE'
#define SIZE (sizeof(uchar))
                     ^
5 errors generated.
make[1]: *** [CMakeFiles/cmTC_fd615.dir/SIZEOF_UCHAR.c.o] Error 1
make: *** [cmTC_fd615/fast] Error 2

/Users/rbc-laptop/Documents/GitHub/MOHID-Lagrangian/Libs/netcdf-fortran/build/CMakeFiles/CheckTypeSize/SIZEOF_UCHAR.c:
#include <sys/types.h>
#include <stdint.h>
#include <stddef.h>


#undef KEY
#if defined(__i386)
# define KEY '_','_','i','3','8','6'
#elif defined(__x86_64)
# define KEY '_','_','x','8','6','_','6','4'
#elif defined(__ppc__)
# define KEY '_','_','p','p','c','_','_'
#elif defined(__ppc64__)
# define KEY '_','_','p','p','c','6','4','_','_'
#elif defined(__aarch64__)
# define KEY '_','_','a','a','r','c','h','6','4','_','_'
#elif defined(__ARM_ARCH_7A__)
# define KEY '_','_','A','R','M','_','A','R','C','H','_','7','A','_','_'
#elif defined(__ARM_ARCH_7S__)
# define KEY '_','_','A','R','M','_','A','R','C','H','_','7','S','_','_'
#endif

#define SIZE (sizeof(uchar))
char info_size[] =  {'I', 'N', 'F', 'O', ':', 's','i','z','e','[',
  ('0' + ((SIZE / 10000)%10)),
  ('0' + ((SIZE / 1000)%10)),
  ('0' + ((SIZE / 100)%10)),
  ('0' + ((SIZE / 10)%10)),
  ('0' +  (SIZE    % 10)),
  ']',
#ifdef KEY
  ' ','k','e','y','[', KEY, ']',
#endif
  '\0'};

#ifdef __CLASSIC_C__
int main(argc, argv) int argc; char *argv[];
#else
int main(int argc, char *argv[])
#endif
{
  int require = 0;
  require += info_size[argc];
  (void)argv;
  return require;
}


Determining if the function alloca exists failed with the following output:
Change Dir: /Users/rbc-laptop/Documents/GitHub/MOHID-Lagrangian/Libs/netcdf-fortran/build/CMakeFiles/CMakeTmp

Run Build Command:"/usr/bin/make" "cmTC_44da9/fast"
/Library/Developer/CommandLineTools/usr/bin/make -f CMakeFiles/cmTC_44da9.dir/build.make CMakeFiles/cmTC_44da9.dir/build
Building C object CMakeFiles/cmTC_44da9.dir/CheckFunctionExists.c.o
/Library/Developer/CommandLineTools/usr/bin/cc   -g -Wall -Wno-unused-variable -Wno-unused-parameter -O2 -DCHECK_FUNCTION_EXISTS=alloca   -o CMakeFiles/cmTC_44da9.dir/CheckFunctionExists.c.o   -c /Applications/CMake.app/Contents/share/cmake-3.11/Modules/CheckFunctionExists.c
/Applications/CMake.app/Contents/share/cmake-3.11/Modules/CheckFunctionExists.c:7:3: warning: incompatible redeclaration of library function 'alloca' [-Wincompatible-library-redeclaration]
  CHECK_FUNCTION_EXISTS(void);
  ^
<command line>:1:31: note: expanded from here
#define CHECK_FUNCTION_EXISTS alloca
                              ^
/Applications/CMake.app/Contents/share/cmake-3.11/Modules/CheckFunctionExists.c:7:3: note: 'alloca' is a builtin with type 'void *(unsigned long)'
<command line>:1:31: note: expanded from here
#define CHECK_FUNCTION_EXISTS alloca
                              ^
1 warning generated.
Linking C executable cmTC_44da9
/Applications/CMake.app/Contents/bin/cmake -E cmake_link_script CMakeFiles/cmTC_44da9.dir/link.txt --verbose=1
/Library/Developer/CommandLineTools/usr/bin/cc  -g -Wall -Wno-unused-variable -Wno-unused-parameter -O2 -DCHECK_FUNCTION_EXISTS=alloca -Wl,-search_paths_first -Wl,-headerpad_max_install_names   CMakeFiles/cmTC_44da9.dir/CheckFunctionExists.c.o  -o cmTC_44da9 
Undefined symbols for architecture x86_64:
  "_alloca", referenced from:
      _main in CheckFunctionExists.c.o
ld: symbol(s) not found for architecture x86_64
clang: error: linker command failed with exit code 1 (use -v to see invocation)
make[1]: *** [cmTC_44da9] Error 1
make: *** [cmTC_44da9/fast] Error 2


Determining if the function nc_set_log_level exists in the /usr/local/lib/libnetcdf.dylib failed with the following output:
Change Dir: /Users/rbc-laptop/Documents/GitHub/MOHID-Lagrangian/Libs/netcdf-fortran/build/CMakeFiles/CMakeTmp

Run Build Command:"/usr/bin/make" "cmTC_80e65/fast"
/Library/Developer/CommandLineTools/usr/bin/make -f CMakeFiles/cmTC_80e65.dir/build.make CMakeFiles/cmTC_80e65.dir/build
Building C object CMakeFiles/cmTC_80e65.dir/CheckFunctionExists.c.o
/Library/Developer/CommandLineTools/usr/bin/cc   -g -Wall -Wno-unused-variable -Wno-unused-parameter -O2 -DCHECK_FUNCTION_EXISTS=nc_set_log_level   -o CMakeFiles/cmTC_80e65.dir/CheckFunctionExists.c.o   -c /Applications/CMake.app/Contents/share/cmake-3.11/Modules/CheckFunctionExists.c
Linking C executable cmTC_80e65
/Applications/CMake.app/Contents/bin/cmake -E cmake_link_script CMakeFiles/cmTC_80e65.dir/link.txt --verbose=1
/Library/Developer/CommandLineTools/usr/bin/cc  -g -Wall -Wno-unused-variable -Wno-unused-parameter -O2 -DCHECK_FUNCTION_EXISTS=nc_set_log_level -Wl,-search_paths_first -Wl,-headerpad_max_install_names   CMakeFiles/cmTC_80e65.dir/CheckFunctionExists.c.o  -o cmTC_80e65 /usr/local/lib/libnetcdf.dylib 
Undefined symbols for architecture x86_64:
  "_nc_set_log_level", referenced from:
      _main in CheckFunctionExists.c.o
ld: symbol(s) not found for architecture x86_64
clang: error: linker command failed with exit code 1 (use -v to see invocation)
make[1]: *** [cmTC_80e65] Error 1
make: *** [cmTC_80e65/fast] Error 2


